<?xml version="1.0" encoding="UTF-8"?>
<beans xmlns="http://www.springframework.org/schema/beans"
	xmlns:xsi="http://www.w3.org/2001/XMLSchema-instance" xmlns:context="http://www.springframework.org/schema/context"
	xmlns:aop="http://www.springframework.org/schema/aop" xmlns:tx="http://www.springframework.org/schema/tx"
	xmlns:jpa="http://www.springframework.org/schema/data/jpa" xmlns:util="http://www.springframework.org/schema/util"
	xsi:schemaLocation="http://www.springframework.org/schema/aop http://www.springframework.org/schema/aop/spring-aop-3.1.xsd
        http://www.springframework.org/schema/beans http://www.springframework.org/schema/beans/spring-beans-3.1.xsd
        http://www.springframework.org/schema/data/jpa http://www.springframework.org/schema/data/jpa/spring-jpa-1.0.xsd
        http://www.springframework.org/schema/tx http://www.springframework.org/schema/tx/spring-tx-3.0.xsd
        http://www.springframework.org/schema/context http://www.springframework.org/schema/context/spring-context-3.1.xsd
        http://www.springframework.org/schema/util http://www.springframework.org/schema/util/spring-util-3.1.xsd">

	<import
		resource="classpath:META-INF/spring/applicationContext-hifiveSyncServer.xml" />
	<import resource="test-applicationContext-database.xml" />

	<!-- Application JPA repository settings -->
	<jpa:repositories base-package="com.htmlhifive.sync.sample"
		transaction-manager-ref="txManager" />

	<!-- Application Context base package settings -->
	<context:component-scan base-package="com.htmlhifive.sync.sample" />

	<!-- JPA EntityManager settings -->
	<bean id="entityManagerFactory" parent="abstractEntityManagerFactory">
		<property name="packagesToScan">
			<list merge="true">
				<value>com.htmlhifive.sync.sample</value>
			</list>
		</property>
		<property name="jpaVendorAdapter">
			<bean id="jpaVendorAdapter"
				class="org.springframework.orm.jpa.vendor.HibernateJpaVendorAdapter">
				<property name="showSql" value="true" />
				<property name="generateDdl" value="true" />
				<property name="databasePlatform" value="org.hibernate.dialect.H2Dialect" />
			</bean>
		</property>
		<property name="persistenceXmlLocation" value="test-persistence.xml" />
	</bean>

</beans>
